<?xml version="1.0" encoding="UTF-8"?>
<!-- Generated by org.testng.reporters.JUnitReportReporter -->
<testsuite hostname="LENEVO-ThinkPAdYash" failures="0" tests="1" name="Demo.CreateORG" time="9.884" errors="0" timestamp="2023-11-03T15:05:27 IST" skipped="0">
  <testcase classname="Demo.CreateORG" name="Login" time="9.884"/>
</testsuite> <!-- Demo.CreateORG -->
