<?xml version="1.0" encoding="UTF-8"?>
<!-- Generated by org.testng.reporters.JUnitReportReporter -->
<testsuite hostname="LENEVO-ThinkPAdYash" failures="0" tests="2" name="TestNG1.Annotations" time="0.019" errors="0" timestamp="2023-11-04T15:28:08 IST" skipped="0">
  <testcase classname="TestNG1.Annotations" name="Home" time="0.013"/>
  <testcase classname="TestNG1.Annotations" name="Home1" time="0.006"/>
</testsuite> <!-- TestNG1.Annotations -->
