<?xml version="1.0" encoding="UTF-8"?>
<!-- Generated by org.testng.reporters.JUnitReportReporter -->
<testsuite hostname="LENEVO-ThinkPAdYash" failures="0" tests="1" name="Demo.TRY2" time="5.775" errors="0" timestamp="2023-11-04T15:02:09 IST" skipped="0">
  <testcase classname="Demo.TRY2" name="VtigerCRM" time="5.775"/>
</testsuite> <!-- Demo.TRY2 -->
