<?xml version="1.0" encoding="UTF-8"?>
<!-- Generated by org.testng.reporters.JUnitReportReporter -->
<testsuite hostname="LENEVO-ThinkPAdYash" failures="0" tests="1" name="TestNG.CreateContactAllOpertation" time="58.461" errors="0" timestamp="2023-11-03T15:16:35 IST" skipped="0">
  <testcase classname="TestNG.CreateContactAllOpertation" name="Vtiger" time="58.461"/>
</testsuite> <!-- TestNG.CreateContactAllOpertation -->
